<?xml version="1.0" encoding="UTF-8"?>
<!-- Generated by org.testng.reporters.JUnitReportReporter -->
<testsuite hostname="KUMARANHARSHA" failures="0" tests="14" name="org.testNG.TestLevelParallelTest" time="5.569" errors="2" timestamp="2024-11-06T23:37:51 IST" skipped="3">
  <testcase classname="org.testNG.TestLevelParallelTest" name="urlLaunch" time="1.274"/>
  <system-out/>
  <testcase classname="org.testNG.TestLevelParallelTest" name="urlLaunch" time="1.156"/>
  <system-out/>
  <testcase classname="org.testNG.TestLevelParallelTest" name="urlLaunch" time="0.000">
    <skipped/>
  </testcase> <!-- urlLaunch -->
  <system-out/>
  <testcase classname="org.testNG.TestLevelParallelTest" name="urlLaunch" time="1.743"/>
  <system-out/>
  <testcase classname="org.testNG.TestLevelParallelTest" name="userName" time="0.000">
    <skipped/>
  </testcase> <!-- userName -->
  <system-out/>
  <testcase classname="org.testNG.TestLevelParallelTest" name="userName" time="0.144"/>
  <system-out/>
  <testcase classname="org.testNG.TestLevelParallelTest" name="userName" time="0.192"/>
  <system-out/>
  <testcase classname="org.testNG.TestLevelParallelTest" name="userName" time="0.091"/>
  <system-out/>
  <testcase classname="org.testNG.TestLevelParallelTest" name="passWord" time="0.132"/>
  <system-out/>
  <testcase classname="org.testNG.TestLevelParallelTest" name="passWord" time="0.794"/>
  <system-out/>
  <testcase classname="org.testNG.TestLevelParallelTest" name="passWord" time="0.000">
    <skipped/>
  </testcase> <!-- passWord -->
  <system-out/>
  <testcase classname="org.testNG.TestLevelParallelTest" name="passWord" time="0.031"/>
  <system-out/>
  <testcase classname="org.testNG.TestLevelParallelTest" name="browserLaunch" time="0.012">
    <error message="Cannot invoke &quot;org.openqa.selenium.WebDriver.manage()&quot; because &quot;this.driver&quot; is null" type="java.lang.NullPointerException">
      <![CDATA[java.lang.NullPointerException: Cannot invoke "org.openqa.selenium.WebDriver.manage()" because "this.driver" is null
at org.testNG.TestLevelParallelTest.browserLaunch(TestLevelParallelTest.java:33)
at java.base/jdk.internal.reflect.NativeMethodAccessorImpl.invoke0(Native Method)
at java.base/jdk.internal.reflect.NativeMethodAccessorImpl.invoke(NativeMethodAccessorImpl.java:77)
at java.base/jdk.internal.reflect.DelegatingMethodAccessorImpl.invoke(DelegatingMethodAccessorImpl.java:43)
at java.base/java.lang.reflect.Method.invoke(Method.java:568)
at org.testng.internal.MethodInvocationHelper.invokeMethod(MethodInvocationHelper.java:133)
at org.testng.internal.MethodInvocationHelper.invokeMethodConsideringTimeout(MethodInvocationHelper.java:62)
at org.testng.internal.ConfigInvoker.invokeConfigurationMethod(ConfigInvoker.java:385)
at org.testng.internal.ConfigInvoker.invokeConfigurations(ConfigInvoker.java:321)
at org.testng.internal.TestMethodWorker.invokeBeforeClassMethods(TestMethodWorker.java:176)
at org.testng.internal.TestMethodWorker.run(TestMethodWorker.java:122)
at java.base/java.util.ArrayList.forEach(ArrayList.java:1511)
at org.testng.TestRunner.privateRun(TestRunner.java:794)
at org.testng.TestRunner.run(TestRunner.java:596)
at org.testng.SuiteRunner.runTest(SuiteRunner.java:377)
at org.testng.SuiteRunner.access$000(SuiteRunner.java:28)
at org.testng.SuiteRunner$SuiteWorker.run(SuiteRunner.java:418)
at org.testng.internal.thread.ThreadUtil.lambda$execute$0(ThreadUtil.java:64)
at java.base/java.util.concurrent.FutureTask.run(FutureTask.java:264)
at java.base/java.util.concurrent.ThreadPoolExecutor.runWorker(ThreadPoolExecutor.java:1136)
at java.base/java.util.concurrent.ThreadPoolExecutor$Worker.run(ThreadPoolExecutor.java:635)
at java.base/java.lang.Thread.run(Thread.java:840)
]]>
    </error>
  </testcase> <!-- browserLaunch -->
  <system-out/>
  <testcase classname="org.testNG.TestLevelParallelTest" name="driverClose" time="0.000">
    <error message="Cannot invoke &quot;org.openqa.selenium.WebDriver.close()&quot; because &quot;this.driver&quot; is null" type="java.lang.NullPointerException">
      <![CDATA[java.lang.NullPointerException: Cannot invoke "org.openqa.selenium.WebDriver.close()" because "this.driver" is null
at org.testNG.TestLevelParallelTest.driverClose(TestLevelParallelTest.java:53)
at java.base/jdk.internal.reflect.NativeMethodAccessorImpl.invoke0(Native Method)
at java.base/jdk.internal.reflect.NativeMethodAccessorImpl.invoke(NativeMethodAccessorImpl.java:77)
at java.base/jdk.internal.reflect.DelegatingMethodAccessorImpl.invoke(DelegatingMethodAccessorImpl.java:43)
at java.base/java.lang.reflect.Method.invoke(Method.java:568)
at org.testng.internal.MethodInvocationHelper.invokeMethod(MethodInvocationHelper.java:133)
at org.testng.internal.MethodInvocationHelper.invokeMethodConsideringTimeout(MethodInvocationHelper.java:62)
at org.testng.internal.ConfigInvoker.invokeConfigurationMethod(ConfigInvoker.java:385)
at org.testng.internal.ConfigInvoker.invokeConfigurations(ConfigInvoker.java:321)
at org.testng.internal.TestMethodWorker.invokeAfterClassMethods(TestMethodWorker.java:217)
at org.testng.internal.TestMethodWorker.run(TestMethodWorker.java:130)
at java.base/java.util.ArrayList.forEach(ArrayList.java:1511)
at org.testng.TestRunner.privateRun(TestRunner.java:794)
at org.testng.TestRunner.run(TestRunner.java:596)
at org.testng.SuiteRunner.runTest(SuiteRunner.java:377)
at org.testng.SuiteRunner.access$000(SuiteRunner.java:28)
at org.testng.SuiteRunner$SuiteWorker.run(SuiteRunner.java:418)
at org.testng.internal.thread.ThreadUtil.lambda$execute$0(ThreadUtil.java:64)
at java.base/java.util.concurrent.FutureTask.run(FutureTask.java:264)
at java.base/java.util.concurrent.ThreadPoolExecutor.runWorker(ThreadPoolExecutor.java:1136)
at java.base/java.util.concurrent.ThreadPoolExecutor$Worker.run(ThreadPoolExecutor.java:635)
at java.base/java.lang.Thread.run(Thread.java:840)
]]>
    </error>
  </testcase> <!-- driverClose -->
  <system-out/>
</testsuite> <!-- org.testNG.TestLevelParallelTest -->
